<?xml version="1.0" encoding="utf-8"?><testsuites><testsuite name="pytest" errors="0" failures="0" skipped="0" tests="6" time="1.520" timestamp="2024-12-12T21:48:48.346056-03:00" hostname="fgiorget-eth0"><testcase classname="tests.unit.plugins.modules.test_resource.TestResourceModule" name="test_mutually_exclusive_args" file="tests/unit/plugins/modules/test_resource.py" line="127" time="0.049" /><testcase classname="tests.unit.plugins.modules.test_resource.TestResourceModule" name="test_module_fail_when_required_args_missing" file="tests/unit/plugins/modules/test_resource.py" line="138" time="0.050" /><testcase classname="tests.unit.plugins.modules.test_resource.TestResourceModule" name="test_kube_path_http_file" file="tests/unit/plugins/modules/test_resource.py" line="251" time="0.078" /><testcase classname="tests.unit.plugins.modules.test_resource.TestResourceModule" name="test_kube_def" file="tests/unit/plugins/modules/test_resource.py" line="315" time="0.076" /><testcase classname="tests.unit.plugins.modules.test_resource.TestResourceModule" name="test_kube_path_local_file" file="tests/unit/plugins/modules/test_resource.py" line="203" time="0.106" /><testcase classname="tests.unit.plugins.modules.test_resource.TestResourceModule" name="test_nonkube_path_local_directory" file="tests/unit/plugins/modules/test_resource.py" line="143" time="0.174" /></testsuite></testsuites>