<?xml version="1.0" encoding="utf-8"?><testsuites><testsuite name="pytest" errors="0" failures="0" skipped="0" tests="5" time="2.943" timestamp="2024-12-11T18:30:44.987375-03:00" hostname="fgiorget-eth0"><testcase classname="tests.unit.plugins.modules.test_resource.TestResourceModule" name="test_mutually_exclusive_args" file="tests/unit/plugins/modules/test_resource.py" line="133" time="0.074" /><testcase classname="tests.unit.plugins.modules.test_resource.TestResourceModule" name="test_module_fail_when_required_args_missing" file="tests/unit/plugins/modules/test_resource.py" line="144" time="0.077" /><testcase classname="tests.unit.plugins.modules.test_resource.TestResourceModule" name="test_kube_def" file="tests/unit/plugins/modules/test_resource.py" line="271" time="0.111" /><testcase classname="tests.unit.plugins.modules.test_resource.TestResourceModule" name="test_kube_path_http_file" file="tests/unit/plugins/modules/test_resource.py" line="202" time="0.115" /><testcase classname="tests.unit.plugins.modules.test_resource.TestResourceModule" name="test_kube_path_local_file" file="tests/unit/plugins/modules/test_resource.py" line="149" time="0.167" /></testsuite></testsuites>