<?xml version="1.0" encoding="utf-8"?><testsuites><testsuite name="pytest" errors="0" failures="0" skipped="0" tests="5" time="2.503" timestamp="2025-01-08T12:56:43.853557-03:00" hostname="fgiorget-eth0"><testcase classname="tests.unit.plugins.action.test_resource.TestResourceActionModule" name="test_no_args" file="tests/unit/plugins/action/test_resource.py" line="50" time="0.511" /><testcase classname="tests.unit.plugins.action.test_resource.TestResourceActionModule" name="test_remote_path" file="tests/unit/plugins/action/test_resource.py" line="65" time="0.522" /><testcase classname="tests.unit.plugins.action.test_resource.TestResourceActionModule" name="test_local_path_multiple_files" file="tests/unit/plugins/action/test_resource.py" line="84" time="0.524" /><testcase classname="tests.unit.plugins.action.test_resource.TestResourceActionModule" name="test_http_https_paths" file="tests/unit/plugins/action/test_resource.py" line="55" time="0.633" /><testcase classname="tests.unit.plugins.action.test_resource.TestResourceActionModule" name="test_local_path_single_file" file="tests/unit/plugins/action/test_resource.py" line="74" time="0.646" /></testsuite></testsuites>